f:\c_code\c_code\11_02\11_02\x64\debug\vc143.pdb
f:\c_code\c_code\11_02\11_02\x64\debug\vc143.idb
f:\c_code\c_code\11_02\11_02\x64\debug\11_02.obj
f:\c_code\c_code\11_02\11_02\x64\debug\11_02.ilk
f:\c_code\c_code\11_02\11_02\x64\debug\11_02.nativecodeanalysis.xml
f:\c_code\c_code\11_02\11_02\x64\debug\vc.nativecodeanalysis.all.xml
f:\c_code\c_code\11_02\x64\debug\11_02.pdb
f:\c_code\c_code\11_02\11_02\x64\debug\11_02.tlog\cl.command.1.tlog
f:\c_code\c_code\11_02\11_02\x64\debug\11_02.tlog\cl.items.tlog
f:\c_code\c_code\11_02\11_02\x64\debug\11_02.tlog\cl.read.1.tlog
f:\c_code\c_code\11_02\11_02\x64\debug\11_02.tlog\cl.write.1.tlog
f:\c_code\c_code\11_02\11_02\x64\debug\11_02.tlog\link-cvtres.read.1.tlog
f:\c_code\c_code\11_02\11_02\x64\debug\11_02.tlog\link-cvtres.write.1.tlog
f:\c_code\c_code\11_02\11_02\x64\debug\11_02.tlog\link-rc.read.1.tlog
f:\c_code\c_code\11_02\11_02\x64\debug\11_02.tlog\link-rc.write.1.tlog
f:\c_code\c_code\11_02\11_02\x64\debug\11_02.tlog\link.4712-cvtres.read.1.tlog
f:\c_code\c_code\11_02\11_02\x64\debug\11_02.tlog\link.4712-cvtres.write.1.tlog
f:\c_code\c_code\11_02\11_02\x64\debug\11_02.tlog\link.4712-rc.read.1.tlog
f:\c_code\c_code\11_02\11_02\x64\debug\11_02.tlog\link.4712-rc.write.1.tlog
f:\c_code\c_code\11_02\11_02\x64\debug\11_02.tlog\link.4712.read.1.tlog
f:\c_code\c_code\11_02\11_02\x64\debug\11_02.tlog\link.4712.read.2.tlog
f:\c_code\c_code\11_02\11_02\x64\debug\11_02.tlog\link.4712.read.3.tlog
f:\c_code\c_code\11_02\11_02\x64\debug\11_02.tlog\link.4712.read.4.tlog
f:\c_code\c_code\11_02\11_02\x64\debug\11_02.tlog\link.4712.write.1.tlog
f:\c_code\c_code\11_02\11_02\x64\debug\11_02.tlog\link.command.1.tlog
f:\c_code\c_code\11_02\11_02\x64\debug\11_02.tlog\link.read.1.tlog
f:\c_code\c_code\11_02\11_02\x64\debug\11_02.tlog\link.read.2.tlog
f:\c_code\c_code\11_02\11_02\x64\debug\11_02.tlog\link.read.3.tlog
f:\c_code\c_code\11_02\11_02\x64\debug\11_02.tlog\link.read.4.tlog
f:\c_code\c_code\11_02\11_02\x64\debug\11_02.tlog\link.secondary.1.tlog
f:\c_code\c_code\11_02\11_02\x64\debug\11_02.tlog\link.write.1.tlog
